<?xml version="1.0" encoding="UTF-8"?>
<!-- Generated by org.testng.reporters.JUnitXMLReporter -->
<testsuite ignored="1" hostname="SRIMAMID-IN" failures="0" tests="4" name="Default test" time="114.705" errors="0" timestamp="04 May 2021 09:42:08 GMT">
  <testcase classname="com.crm.qa.testCases.LoginPageTest" name="loginPageTitleTest" time="0.015"/>
  <testcase classname="com.crm.qa.testCases.ContactsPageTest" name="addContacts" time="12.63"/>
  <testcase classname="com.crm.qa.testCases.ContactsPageTest" name="addContacts" time="13.191"/>
  <testcase classname="com.crm.qa.testCases.LoginPageTest" name="loginTest" time="10.398"/>
  <testcase classname="com.crm.qa.testCases.ContactsPageTest" name="validateContactsLabelDisplay" time="0.0">
    <ignored/>
  </testcase> <!-- validateContactsLabelDisplay -->
</testsuite> <!-- Default test -->
