<?xml version="1.0" encoding="UTF-8"?>
<testng-results ignored="1" total="5" passed="4" failed="0" skipped="0">
  <reporter-output>
  </reporter-output>
  <suite started-at="2021-05-04T09:40:14Z" name="Default suite" finished-at="2021-05-04T09:42:08Z" duration-ms="114705">
    <groups>
    </groups>
    <test started-at="2021-05-04T09:40:14Z" name="Default test" finished-at="2021-05-04T09:42:08Z" duration-ms="114705">
      <class name="com.crm.qa.testCases.ContactsPageTest">
        <test-method is-config="true" signature="setUp()[pri:0, instance:com.crm.qa.testCases.ContactsPageTest@6f3b5d16]" started-at="2021-05-04T15:10:32Z" name="setUp" finished-at="2021-05-04T15:10:52Z" duration-ms="19626" status="PASS">
          <reporter-output>
          </reporter-output>
        </test-method> <!-- setUp -->
        <test-method signature="addContacts(java.lang.String, java.lang.String, java.lang.String)[pri:2, instance:com.crm.qa.testCases.ContactsPageTest@6f3b5d16]" started-at="2021-05-04T15:10:52Z" name="addContacts" data-provider="getData" finished-at="2021-05-04T15:11:04Z" duration-ms="12630" status="PASS">
          <params>
            <param index="0">
              <value>
                <![CDATA[Sri]]>
              </value>
            </param>
            <param index="1">
              <value>
                <![CDATA[Teja1]]>
              </value>
            </param>
            <param index="2">
              <value>
                <![CDATA[mamy_sai200@yahoo.com]]>
              </value>
            </param>
          </params>
          <reporter-output>
          </reporter-output>
        </test-method> <!-- addContacts -->
        <test-method is-config="true" signature="endUp()[pri:0, instance:com.crm.qa.testCases.ContactsPageTest@6f3b5d16]" started-at="2021-05-04T15:11:04Z" name="endUp" finished-at="2021-05-04T15:11:06Z" duration-ms="1914" status="PASS">
          <reporter-output>
          </reporter-output>
        </test-method> <!-- endUp -->
        <test-method is-config="true" signature="setUp()[pri:0, instance:com.crm.qa.testCases.ContactsPageTest@6f3b5d16]" started-at="2021-05-04T15:11:06Z" name="setUp" finished-at="2021-05-04T15:11:26Z" duration-ms="19588" status="PASS">
          <reporter-output>
          </reporter-output>
        </test-method> <!-- setUp -->
        <test-method signature="addContacts(java.lang.String, java.lang.String, java.lang.String)[pri:2, instance:com.crm.qa.testCases.ContactsPageTest@6f3b5d16]" started-at="2021-05-04T15:11:26Z" name="addContacts" data-provider="getData" finished-at="2021-05-04T15:11:39Z" duration-ms="13191" status="PASS">
          <params>
            <param index="0">
              <value>
                <![CDATA[Sri]]>
              </value>
            </param>
            <param index="1">
              <value>
                <![CDATA[Satya1]]>
              </value>
            </param>
            <param index="2">
              <value>
                <![CDATA[sri.satya275@gmail.com]]>
              </value>
            </param>
          </params>
          <reporter-output>
          </reporter-output>
        </test-method> <!-- addContacts -->
        <test-method is-config="true" signature="endUp()[pri:0, instance:com.crm.qa.testCases.ContactsPageTest@6f3b5d16]" started-at="2021-05-04T15:11:39Z" name="endUp" finished-at="2021-05-04T15:11:41Z" duration-ms="1826" status="PASS">
          <reporter-output>
          </reporter-output>
        </test-method> <!-- endUp -->
      </class> <!-- com.crm.qa.testCases.ContactsPageTest -->
      <class name="com.crm.qa.testCases.LoginPageTest">
        <test-method is-config="true" signature="setUp()[pri:0, instance:com.crm.qa.testCases.LoginPageTest@78b1cc93]" started-at="2021-05-04T15:10:14Z" name="setUp" finished-at="2021-05-04T15:10:27Z" duration-ms="13330" status="PASS">
          <reporter-output>
          </reporter-output>
        </test-method> <!-- setUp -->
        <test-method signature="loginPageTitleTest()[pri:1, instance:com.crm.qa.testCases.LoginPageTest@78b1cc93]" started-at="2021-05-04T15:10:27Z" name="loginPageTitleTest" finished-at="2021-05-04T15:10:27Z" duration-ms="15" status="PASS">
          <reporter-output>
          </reporter-output>
        </test-method> <!-- loginPageTitleTest -->
        <test-method is-config="true" signature="endUp()[pri:0, instance:com.crm.qa.testCases.LoginPageTest@78b1cc93]" started-at="2021-05-04T15:10:27Z" name="endUp" finished-at="2021-05-04T15:10:32Z" duration-ms="4793" status="PASS">
          <reporter-output>
          </reporter-output>
        </test-method> <!-- endUp -->
        <test-method is-config="true" signature="setUp()[pri:0, instance:com.crm.qa.testCases.LoginPageTest@78b1cc93]" started-at="2021-05-04T15:11:41Z" name="setUp" finished-at="2021-05-04T15:11:53Z" duration-ms="11989" status="PASS">
          <reporter-output>
          </reporter-output>
        </test-method> <!-- setUp -->
        <test-method signature="loginTest()[pri:2, instance:com.crm.qa.testCases.LoginPageTest@78b1cc93]" started-at="2021-05-04T15:11:53Z" name="loginTest" finished-at="2021-05-04T15:12:03Z" duration-ms="10398" status="PASS">
          <reporter-output>
          </reporter-output>
        </test-method> <!-- loginTest -->
        <test-method is-config="true" signature="endUp()[pri:0, instance:com.crm.qa.testCases.LoginPageTest@78b1cc93]" started-at="2021-05-04T15:12:03Z" name="endUp" finished-at="2021-05-04T15:12:08Z" duration-ms="4829" status="PASS">
          <reporter-output>
          </reporter-output>
        </test-method> <!-- endUp -->
      </class> <!-- com.crm.qa.testCases.LoginPageTest -->
    </test> <!-- Default test -->
  </suite> <!-- Default suite -->
</testng-results>
